This file contains any messages produced by compilers while
running configure, to aid debugging if configure makes a mistake.

It was created by genom3-bip-ros configure 1.1, which was
generated by GNU Autoconf 2.68.  Invocation command line was

  $ ../configure --prefix=/home/nidhal/openrobots

## --------- ##
## Platform. ##
## --------- ##

hostname = nidhal-Inspiron-N5010
uname -m = x86_64
uname -r = 3.13.0-24-generic
uname -s = Linux
uname -v = #47-Ubuntu SMP Fri May 2 23:30:00 UTC 2014

/usr/bin/uname -p = unknown
/bin/uname -X     = unknown

/bin/arch              = unknown
/usr/bin/arch -k       = unknown
/usr/convex/getsysinfo = unknown
/usr/bin/hostinfo      = unknown
/bin/machine           = unknown
/usr/bin/oslevel       = unknown
/bin/universe          = unknown

PATH: /home/nidhal/openrobots/lib
PATH: /usr/local/sbin
PATH: /usr/local/bin
PATH: /usr/sbin
PATH: /usr/bin
PATH: /sbin
PATH: /bin
PATH: /usr/games
PATH: /usr/local/games
PATH: /home/nidhal/openrobots/sbin
PATH: /home/nidhal/openrobots/share
PATH: /home/nidhal/openrobots/share
PATH: /home/nidhal/openrobots/bin


## ----------- ##
## Core tests. ##
## ----------- ##

configure:2315: checking for a BSD-compatible install
configure:2383: result: /usr/bin/install -c
configure:2394: checking whether build environment is sane
configure:2444: result: yes
configure:2585: checking for a thread-safe mkdir -p
configure:2624: result: /bin/mkdir -p
configure:2637: checking for gawk
configure:2667: result: no
configure:2637: checking for mawk
configure:2653: found /usr/bin/mawk
configure:2664: result: mawk
configure:2675: checking whether make sets $(MAKE)
configure:2697: result: yes
configure:2807: checking build system type
configure:2821: result: x86_64-unknown-linux-gnu
configure:2841: checking host system type
configure:2854: result: x86_64-unknown-linux-gnu
configure:2895: checking how to print strings
configure:2922: result: printf
configure:2955: checking for style of include used by make
configure:2983: result: GNU
configure:3054: checking for gcc
configure:3070: found /usr/bin/gcc
configure:3081: result: gcc
configure:3310: checking for C compiler version
configure:3319: gcc --version >&5
gcc (Ubuntu/Linaro 4.4.7-8ubuntu1) 4.4.7
Copyright (C) 2010 Free Software Foundation, Inc.
This is free software; see the source for copying conditions.  There is NO
warranty; not even for MERCHANTABILITY or FITNESS FOR A PARTICULAR PURPOSE.

configure:3330: $? = 0
configure:3319: gcc -v >&5
Using built-in specs.
Target: x86_64-linux-gnu
Configured with: ../src/configure -v --with-pkgversion='Ubuntu/Linaro 4.4.7-8ubuntu1' --with-bugurl=file:///usr/share/doc/gcc-4.4/README.Bugs --enable-languages=c,c++,fortran --prefix=/usr --program-suffix=-4.4 --enable-shared --enable-linker-build-id --with-system-zlib --libexecdir=/usr/lib --without-included-gettext --enable-threads=posix --with-gxx-include-dir=/usr/include/c++/4.4 --libdir=/usr/lib --enable-nls --with-sysroot=/ --enable-clocale=gnu --enable-libstdcxx-debug --disable-libmudflap --disable-werror --with-arch-32=i686 --with-tune=generic --enable-checking=release --build=x86_64-linux-gnu --host=x86_64-linux-gnu --target=x86_64-linux-gnu
Thread model: posix
gcc version 4.4.7 (Ubuntu/Linaro 4.4.7-8ubuntu1) 
configure:3330: $? = 0
configure:3319: gcc -V >&5
gcc: '-V' option must have argument
configure:3330: $? = 1
configure:3319: gcc -qversion >&5
gcc: unrecognized option '-qversion'
gcc: no input files
configure:3330: $? = 1
configure:3350: checking whether the C compiler works
configure:3372: gcc    conftest.c  >&5
configure:3376: $? = 0
configure:3424: result: yes
configure:3427: checking for C compiler default output file name
configure:3429: result: a.out
configure:3435: checking for suffix of executables
configure:3442: gcc -o conftest    conftest.c  >&5
configure:3446: $? = 0
configure:3468: result: 
configure:3490: checking whether we are cross compiling
configure:3498: gcc -o conftest    conftest.c  >&5
configure:3502: $? = 0
configure:3509: ./conftest
configure:3513: $? = 0
configure:3528: result: no
configure:3533: checking for suffix of object files
configure:3555: gcc -c   conftest.c >&5
configure:3559: $? = 0
configure:3580: result: o
configure:3584: checking whether we are using the GNU C compiler
configure:3603: gcc -c   conftest.c >&5
configure:3603: $? = 0
configure:3612: result: yes
configure:3621: checking whether gcc accepts -g
configure:3641: gcc -c -g  conftest.c >&5
configure:3641: $? = 0
configure:3682: result: yes
configure:3699: checking for gcc option to accept ISO C89
configure:3763: gcc  -c -g -O2  conftest.c >&5
configure:3763: $? = 0
configure:3776: result: none needed
configure:3798: checking dependency style of gcc
configure:3909: result: none
configure:3924: checking for a sed that does not truncate output
configure:3988: result: /bin/sed
configure:4006: checking for grep that handles long lines and -e
configure:4064: result: /bin/grep
configure:4069: checking for egrep
configure:4131: result: /bin/grep -E
configure:4136: checking for fgrep
configure:4198: result: /bin/grep -F
configure:4233: checking for ld used by gcc
configure:4300: result: /usr/bin/ld
configure:4307: checking if the linker (/usr/bin/ld) is GNU ld
configure:4322: result: yes
configure:4334: checking for BSD- or MS-compatible name lister (nm)
configure:4383: result: /usr/bin/nm -B
configure:4513: checking the name lister (/usr/bin/nm -B) interface
configure:4520: gcc -c -g -O2  conftest.c >&5
configure:4523: /usr/bin/nm -B "conftest.o"
configure:4526: output
0000000000000000 B some_variable
configure:4533: result: BSD nm
configure:4536: checking whether ln -s works
configure:4540: result: yes
configure:4548: checking the maximum length of command line arguments
configure:4678: result: 1572864
configure:4695: checking whether the shell understands some XSI constructs
configure:4705: result: yes
configure:4709: checking whether the shell understands "+="
configure:4715: result: yes
configure:4750: checking how to convert x86_64-unknown-linux-gnu file names to x86_64-unknown-linux-gnu format
configure:4790: result: func_convert_file_noop
configure:4797: checking how to convert x86_64-unknown-linux-gnu file names to toolchain format
configure:4817: result: func_convert_file_noop
configure:4824: checking for /usr/bin/ld option to reload object files
configure:4831: result: -r
configure:4905: checking for objdump
configure:4921: found /usr/bin/objdump
configure:4932: result: objdump
configure:4964: checking how to recognize dependent libraries
configure:5166: result: pass_all
configure:5251: checking for dlltool
configure:5281: result: no
configure:5311: checking how to associate runtime and link libraries
configure:5338: result: printf %s\n
configure:5399: checking for ar
configure:5415: found /usr/bin/ar
configure:5426: result: ar
configure:5463: checking for archiver @FILE support
configure:5480: gcc -c -g -O2  conftest.c >&5
configure:5480: $? = 0
configure:5483: ar cru libconftest.a @conftest.lst >&5
configure:5486: $? = 0
configure:5491: ar cru libconftest.a @conftest.lst >&5
ar: conftest.o: No such file or directory
configure:5494: $? = 1
configure:5506: result: @
configure:5564: checking for strip
configure:5580: found /usr/bin/strip
configure:5591: result: strip
configure:5663: checking for ranlib
configure:5679: found /usr/bin/ranlib
configure:5690: result: ranlib
configure:5792: checking command to parse /usr/bin/nm -B output from gcc object
configure:5912: gcc -c -g -O2  conftest.c >&5
configure:5915: $? = 0
configure:5919: /usr/bin/nm -B conftest.o \| sed -n -e 's/^.*[ ]\([ABCDGIRSTW][ABCDGIRSTW]*\)[ ][ ]*\([_A-Za-z][_A-Za-z0-9]*\)$/\1 \2 \2/p' | sed '/ __gnu_lto/d' \> conftest.nm
configure:5922: $? = 0
configure:5988: gcc -o conftest -g -O2   conftest.c conftstm.o >&5
configure:5991: $? = 0
configure:6029: result: ok
configure:6066: checking for sysroot
configure:6096: result: no
configure:6173: gcc -c -g -O2  conftest.c >&5
configure:6176: $? = 0
configure:6352: checking for mt
configure:6368: found /bin/mt
configure:6379: result: mt
configure:6402: checking if mt is a manifest tool
configure:6408: mt '-?'
configure:6416: result: no
configure:7058: checking how to run the C preprocessor
configure:7089: gcc -E  conftest.c
configure:7089: $? = 0
configure:7103: gcc -E  conftest.c
conftest.c:9: fatal error: ac_nonexistent.h: No such file or directory
compilation terminated.
configure:7103: $? = 1
configure: failed program was:
| /* confdefs.h */
| #define PACKAGE_NAME "genom3-bip-ros"
| #define PACKAGE_TARNAME "genom3-bip-ros"
| #define PACKAGE_VERSION "1.1"
| #define PACKAGE_STRING "genom3-bip-ros 1.1"
| #define PACKAGE_BUGREPORT "openrobots@laas.fr"
| #define PACKAGE_URL ""
| /* end confdefs.h.  */
| #include <ac_nonexistent.h>
configure:7128: result: gcc -E
configure:7148: gcc -E  conftest.c
configure:7148: $? = 0
configure:7162: gcc -E  conftest.c
conftest.c:9: fatal error: ac_nonexistent.h: No such file or directory
compilation terminated.
configure:7162: $? = 1
configure: failed program was:
| /* confdefs.h */
| #define PACKAGE_NAME "genom3-bip-ros"
| #define PACKAGE_TARNAME "genom3-bip-ros"
| #define PACKAGE_VERSION "1.1"
| #define PACKAGE_STRING "genom3-bip-ros 1.1"
| #define PACKAGE_BUGREPORT "openrobots@laas.fr"
| #define PACKAGE_URL ""
| /* end confdefs.h.  */
| #include <ac_nonexistent.h>
configure:7191: checking for ANSI C header files
configure:7211: gcc -c -g -O2  conftest.c >&5
configure:7211: $? = 0
configure:7284: gcc -o conftest -g -O2   conftest.c  >&5
configure:7284: $? = 0
configure:7284: ./conftest
configure:7284: $? = 0
configure:7295: result: yes
configure:7308: checking for sys/types.h
configure:7308: gcc -c -g -O2  conftest.c >&5
configure:7308: $? = 0
configure:7308: result: yes
configure:7308: checking for sys/stat.h
configure:7308: gcc -c -g -O2  conftest.c >&5
configure:7308: $? = 0
configure:7308: result: yes
configure:7308: checking for stdlib.h
configure:7308: gcc -c -g -O2  conftest.c >&5
configure:7308: $? = 0
configure:7308: result: yes
configure:7308: checking for string.h
configure:7308: gcc -c -g -O2  conftest.c >&5
configure:7308: $? = 0
configure:7308: result: yes
configure:7308: checking for memory.h
configure:7308: gcc -c -g -O2  conftest.c >&5
configure:7308: $? = 0
configure:7308: result: yes
configure:7308: checking for strings.h
configure:7308: gcc -c -g -O2  conftest.c >&5
configure:7308: $? = 0
configure:7308: result: yes
configure:7308: checking for inttypes.h
configure:7308: gcc -c -g -O2  conftest.c >&5
configure:7308: $? = 0
configure:7308: result: yes
configure:7308: checking for stdint.h
configure:7308: gcc -c -g -O2  conftest.c >&5
configure:7308: $? = 0
configure:7308: result: yes
configure:7308: checking for unistd.h
configure:7308: gcc -c -g -O2  conftest.c >&5
configure:7308: $? = 0
configure:7308: result: yes
configure:7322: checking for dlfcn.h
configure:7322: gcc -c -g -O2  conftest.c >&5
configure:7322: $? = 0
configure:7322: result: yes
configure:7528: checking for objdir
configure:7543: result: .libs
configure:7814: checking if gcc supports -fno-rtti -fno-exceptions
configure:7832: gcc -c -g -O2  -fno-rtti -fno-exceptions conftest.c >&5
cc1: warning: command line option "-fno-rtti" is valid for C++/ObjC++ but not for C
configure:7836: $? = 0
configure:7849: result: no
configure:8176: checking for gcc option to produce PIC
configure:8183: result: -fPIC -DPIC
configure:8191: checking if gcc PIC flag -fPIC -DPIC works
configure:8209: gcc -c -g -O2  -fPIC -DPIC -DPIC conftest.c >&5
configure:8213: $? = 0
configure:8226: result: yes
configure:8255: checking if gcc static flag -static works
configure:8283: result: yes
configure:8298: checking if gcc supports -c -o file.o
configure:8319: gcc -c -g -O2  -o out/conftest2.o conftest.c >&5
configure:8323: $? = 0
configure:8345: result: yes
configure:8353: checking if gcc supports -c -o file.o
configure:8400: result: yes
configure:8433: checking whether the gcc linker (/usr/bin/ld -m elf_x86_64) supports shared libraries
configure:9590: result: yes
configure:9627: checking whether -lc should be explicitly linked in
configure:9635: gcc -c -g -O2  conftest.c >&5
configure:9638: $? = 0
configure:9653: gcc -shared  -fPIC -DPIC conftest.o  -v -Wl,-soname -Wl,conftest -o conftest 2\>\&1 \| /bin/grep  -lc  \>/dev/null 2\>\&1
configure:9656: $? = 0
configure:9670: result: no
configure:9830: checking dynamic linker characteristics
configure:10341: gcc -o conftest -g -O2   -Wl,-rpath -Wl,/foo conftest.c  >&5
configure:10341: $? = 0
configure:10575: result: GNU/Linux ld.so
configure:10682: checking how to hardcode library paths into programs
configure:10707: result: immediate
configure:11247: checking whether stripping libraries is possible
configure:11252: result: yes
configure:11287: checking if libtool supports shared libraries
configure:11289: result: yes
configure:11292: checking whether to build shared libraries
configure:11313: result: yes
configure:11316: checking whether to build static libraries
configure:11320: result: yes
configure:11415: checking for g++
configure:11431: found /usr/bin/g++
configure:11442: result: g++
configure:11469: checking for C++ compiler version
configure:11478: g++ --version >&5
g++ (Ubuntu 4.8.2-19ubuntu1) 4.8.2
Copyright (C) 2013 Free Software Foundation, Inc.
This is free software; see the source for copying conditions.  There is NO
warranty; not even for MERCHANTABILITY or FITNESS FOR A PARTICULAR PURPOSE.

configure:11489: $? = 0
configure:11478: g++ -v >&5
Using built-in specs.
COLLECT_GCC=g++
COLLECT_LTO_WRAPPER=/usr/lib/gcc/x86_64-linux-gnu/4.8/lto-wrapper
Target: x86_64-linux-gnu
Configured with: ../src/configure -v --with-pkgversion='Ubuntu 4.8.2-19ubuntu1' --with-bugurl=file:///usr/share/doc/gcc-4.8/README.Bugs --enable-languages=c,c++,java,go,d,fortran,objc,obj-c++ --prefix=/usr --program-suffix=-4.8 --enable-shared --enable-linker-build-id --libexecdir=/usr/lib --without-included-gettext --enable-threads=posix --with-gxx-include-dir=/usr/include/c++/4.8 --libdir=/usr/lib --enable-nls --with-sysroot=/ --enable-clocale=gnu --enable-libstdcxx-debug --enable-libstdcxx-time=yes --enable-gnu-unique-object --disable-libmudflap --enable-plugin --with-system-zlib --disable-browser-plugin --enable-java-awt=gtk --enable-gtk-cairo --with-java-home=/usr/lib/jvm/java-1.5.0-gcj-4.8-amd64/jre --enable-java-home --with-jvm-root-dir=/usr/lib/jvm/java-1.5.0-gcj-4.8-amd64 --with-jvm-jar-dir=/usr/lib/jvm-exports/java-1.5.0-gcj-4.8-amd64 --with-arch-directory=amd64 --with-ecj-jar=/usr/share/java/eclipse-ecj.jar --enable-objc-gc --enable-multiarch --disable-werror --with-arch-32=i686 --with-abi=m64 --with-multilib-list=m32,m64,mx32 --with-tune=generic --enable-checking=release --build=x86_64-linux-gnu --host=x86_64-linux-gnu --target=x86_64-linux-gnu
Thread model: posix
gcc version 4.8.2 (Ubuntu 4.8.2-19ubuntu1) 
configure:11489: $? = 0
configure:11478: g++ -V >&5
g++: error: unrecognized command line option '-V'
g++: fatal error: no input files
compilation terminated.
configure:11489: $? = 4
configure:11478: g++ -qversion >&5
g++: error: unrecognized command line option '-qversion'
g++: fatal error: no input files
compilation terminated.
configure:11489: $? = 4
configure:11493: checking whether we are using the GNU C++ compiler
configure:11512: g++ -c   conftest.cpp >&5
configure:11512: $? = 0
configure:11521: result: yes
configure:11530: checking whether g++ accepts -g
configure:11550: g++ -c -g  conftest.cpp >&5
configure:11550: $? = 0
configure:11591: result: yes
configure:11616: checking dependency style of g++
configure:11727: result: none
configure:11760: checking how to run the C++ preprocessor
configure:11787: g++ -E  conftest.cpp
configure:11787: $? = 0
configure:11801: g++ -E  conftest.cpp
conftest.cpp:21:28: fatal error: ac_nonexistent.h: No such file or directory
 #include <ac_nonexistent.h>
                            ^
compilation terminated.
configure:11801: $? = 1
configure: failed program was:
| /* confdefs.h */
| #define PACKAGE_NAME "genom3-bip-ros"
| #define PACKAGE_TARNAME "genom3-bip-ros"
| #define PACKAGE_VERSION "1.1"
| #define PACKAGE_STRING "genom3-bip-ros 1.1"
| #define PACKAGE_BUGREPORT "openrobots@laas.fr"
| #define PACKAGE_URL ""
| #define STDC_HEADERS 1
| #define HAVE_SYS_TYPES_H 1
| #define HAVE_SYS_STAT_H 1
| #define HAVE_STDLIB_H 1
| #define HAVE_STRING_H 1
| #define HAVE_MEMORY_H 1
| #define HAVE_STRINGS_H 1
| #define HAVE_INTTYPES_H 1
| #define HAVE_STDINT_H 1
| #define HAVE_UNISTD_H 1
| #define HAVE_DLFCN_H 1
| #define LT_OBJDIR ".libs/"
| /* end confdefs.h.  */
| #include <ac_nonexistent.h>
configure:11826: result: g++ -E
configure:11846: g++ -E  conftest.cpp
configure:11846: $? = 0
configure:11860: g++ -E  conftest.cpp
conftest.cpp:21:28: fatal error: ac_nonexistent.h: No such file or directory
 #include <ac_nonexistent.h>
                            ^
compilation terminated.
configure:11860: $? = 1
configure: failed program was:
| /* confdefs.h */
| #define PACKAGE_NAME "genom3-bip-ros"
| #define PACKAGE_TARNAME "genom3-bip-ros"
| #define PACKAGE_VERSION "1.1"
| #define PACKAGE_STRING "genom3-bip-ros 1.1"
| #define PACKAGE_BUGREPORT "openrobots@laas.fr"
| #define PACKAGE_URL ""
| #define STDC_HEADERS 1
| #define HAVE_SYS_TYPES_H 1
| #define HAVE_SYS_STAT_H 1
| #define HAVE_STDLIB_H 1
| #define HAVE_STRING_H 1
| #define HAVE_MEMORY_H 1
| #define HAVE_STRINGS_H 1
| #define HAVE_INTTYPES_H 1
| #define HAVE_STDINT_H 1
| #define HAVE_UNISTD_H 1
| #define HAVE_DLFCN_H 1
| #define LT_OBJDIR ".libs/"
| /* end confdefs.h.  */
| #include <ac_nonexistent.h>
configure:12029: checking for ld used by g++
configure:12096: result: /usr/bin/ld -m elf_x86_64
configure:12103: checking if the linker (/usr/bin/ld -m elf_x86_64) is GNU ld
configure:12118: result: yes
configure:12173: checking whether the g++ linker (/usr/bin/ld -m elf_x86_64) supports shared libraries
configure:13178: result: yes
configure:13214: g++ -c -g -O2  conftest.cpp >&5
configure:13217: $? = 0
configure:13737: checking for g++ option to produce PIC
configure:13744: result: -fPIC -DPIC
configure:13752: checking if g++ PIC flag -fPIC -DPIC works
configure:13770: g++ -c -g -O2  -fPIC -DPIC -DPIC conftest.cpp >&5
configure:13774: $? = 0
configure:13787: result: yes
configure:13810: checking if g++ static flag -static works
configure:13838: result: yes
configure:13850: checking if g++ supports -c -o file.o
configure:13871: g++ -c -g -O2  -o out/conftest2.o conftest.cpp >&5
configure:13875: $? = 0
configure:13897: result: yes
configure:13902: checking if g++ supports -c -o file.o
configure:13949: result: yes
configure:13979: checking whether the g++ linker (/usr/bin/ld -m elf_x86_64) supports shared libraries
configure:14018: result: yes
configure:14159: checking dynamic linker characteristics
configure:14838: result: GNU/Linux ld.so
configure:14891: checking how to hardcode library paths into programs
configure:14916: result: immediate
configure:15122: checking for the pthreads library -lpthreads
configure:15160: gcc -o conftest -g -O2    conftest.c -lpthreads  >&5
/usr/bin/ld: cannot find -lpthreads
collect2: ld returned 1 exit status
configure:15160: $? = 1
configure: failed program was:
| /* confdefs.h */
| #define PACKAGE_NAME "genom3-bip-ros"
| #define PACKAGE_TARNAME "genom3-bip-ros"
| #define PACKAGE_VERSION "1.1"
| #define PACKAGE_STRING "genom3-bip-ros 1.1"
| #define PACKAGE_BUGREPORT "openrobots@laas.fr"
| #define PACKAGE_URL ""
| #define STDC_HEADERS 1
| #define HAVE_SYS_TYPES_H 1
| #define HAVE_SYS_STAT_H 1
| #define HAVE_STDLIB_H 1
| #define HAVE_STRING_H 1
| #define HAVE_MEMORY_H 1
| #define HAVE_STRINGS_H 1
| #define HAVE_INTTYPES_H 1
| #define HAVE_STDINT_H 1
| #define HAVE_UNISTD_H 1
| #define HAVE_DLFCN_H 1
| #define LT_OBJDIR ".libs/"
| /* end confdefs.h.  */
| #include <pthread.h>
| 	             static void routine(void* a) {a=0;}
| 	             static void* start_routine(void* a) {return a;}
| int
| main ()
| {
| pthread_t th; pthread_attr_t attr;
|                      pthread_join(th, 0);
|                      pthread_attr_init(&attr);
|                      pthread_cleanup_push(routine, 0);
|                      pthread_create(&th,0,start_routine,0);
|                      pthread_cleanup_pop(0);
|   ;
|   return 0;
| }
configure:15169: result: no
configure:15067: checking whether pthreads work without any flags
configure:15160: gcc -o conftest -g -O2    conftest.c   >&5
/tmp/ccCfJhmp.o: In function `main':
/home/nidhal/work/genom3-bip/build/conftest.c:28: undefined reference to `pthread_join'
/home/nidhal/work/genom3-bip/build/conftest.c:30: undefined reference to `__pthread_register_cancel'
/home/nidhal/work/genom3-bip/build/conftest.c:31: undefined reference to `pthread_create'
/home/nidhal/work/genom3-bip/build/conftest.c:32: undefined reference to `__pthread_unregister_cancel'
collect2: ld returned 1 exit status
configure:15160: $? = 1
configure: failed program was:
| /* confdefs.h */
| #define PACKAGE_NAME "genom3-bip-ros"
| #define PACKAGE_TARNAME "genom3-bip-ros"
| #define PACKAGE_VERSION "1.1"
| #define PACKAGE_STRING "genom3-bip-ros 1.1"
| #define PACKAGE_BUGREPORT "openrobots@laas.fr"
| #define PACKAGE_URL ""
| #define STDC_HEADERS 1
| #define HAVE_SYS_TYPES_H 1
| #define HAVE_SYS_STAT_H 1
| #define HAVE_STDLIB_H 1
| #define HAVE_STRING_H 1
| #define HAVE_MEMORY_H 1
| #define HAVE_STRINGS_H 1
| #define HAVE_INTTYPES_H 1
| #define HAVE_STDINT_H 1
| #define HAVE_UNISTD_H 1
| #define HAVE_DLFCN_H 1
| #define LT_OBJDIR ".libs/"
| /* end confdefs.h.  */
| #include <pthread.h>
| 	             static void routine(void* a) {a=0;}
| 	             static void* start_routine(void* a) {return a;}
| int
| main ()
| {
| pthread_t th; pthread_attr_t attr;
|                      pthread_join(th, 0);
|                      pthread_attr_init(&attr);
|                      pthread_cleanup_push(routine, 0);
|                      pthread_create(&th,0,start_routine,0);
|                      pthread_cleanup_pop(0);
|   ;
|   return 0;
| }
configure:15169: result: no
configure:15072: checking whether pthreads work with -Kthread
configure:15160: gcc -o conftest -g -O2 -Kthread   conftest.c   >&5
gcc: unrecognized option '-Kthread'
/tmp/ccYuVHlr.o: In function `main':
/home/nidhal/work/genom3-bip/build/conftest.c:28: undefined reference to `pthread_join'
/home/nidhal/work/genom3-bip/build/conftest.c:30: undefined reference to `__pthread_register_cancel'
/home/nidhal/work/genom3-bip/build/conftest.c:31: undefined reference to `pthread_create'
/home/nidhal/work/genom3-bip/build/conftest.c:32: undefined reference to `__pthread_unregister_cancel'
collect2: ld returned 1 exit status
configure:15160: $? = 1
configure: failed program was:
| /* confdefs.h */
| #define PACKAGE_NAME "genom3-bip-ros"
| #define PACKAGE_TARNAME "genom3-bip-ros"
| #define PACKAGE_VERSION "1.1"
| #define PACKAGE_STRING "genom3-bip-ros 1.1"
| #define PACKAGE_BUGREPORT "openrobots@laas.fr"
| #define PACKAGE_URL ""
| #define STDC_HEADERS 1
| #define HAVE_SYS_TYPES_H 1
| #define HAVE_SYS_STAT_H 1
| #define HAVE_STDLIB_H 1
| #define HAVE_STRING_H 1
| #define HAVE_MEMORY_H 1
| #define HAVE_STRINGS_H 1
| #define HAVE_INTTYPES_H 1
| #define HAVE_STDINT_H 1
| #define HAVE_UNISTD_H 1
| #define HAVE_DLFCN_H 1
| #define LT_OBJDIR ".libs/"
| /* end confdefs.h.  */
| #include <pthread.h>
| 	             static void routine(void* a) {a=0;}
| 	             static void* start_routine(void* a) {return a;}
| int
| main ()
| {
| pthread_t th; pthread_attr_t attr;
|                      pthread_join(th, 0);
|                      pthread_attr_init(&attr);
|                      pthread_cleanup_push(routine, 0);
|                      pthread_create(&th,0,start_routine,0);
|                      pthread_cleanup_pop(0);
|   ;
|   return 0;
| }
configure:15169: result: no
configure:15072: checking whether pthreads work with -kthread
configure:15160: gcc -o conftest -g -O2 -kthread   conftest.c   >&5
gcc: unrecognized option '-kthread'
/tmp/ccSttNCw.o: In function `main':
/home/nidhal/work/genom3-bip/build/conftest.c:28: undefined reference to `pthread_join'
/home/nidhal/work/genom3-bip/build/conftest.c:30: undefined reference to `__pthread_register_cancel'
/home/nidhal/work/genom3-bip/build/conftest.c:31: undefined reference to `pthread_create'
/home/nidhal/work/genom3-bip/build/conftest.c:32: undefined reference to `__pthread_unregister_cancel'
collect2: ld returned 1 exit status
configure:15160: $? = 1
configure: failed program was:
| /* confdefs.h */
| #define PACKAGE_NAME "genom3-bip-ros"
| #define PACKAGE_TARNAME "genom3-bip-ros"
| #define PACKAGE_VERSION "1.1"
| #define PACKAGE_STRING "genom3-bip-ros 1.1"
| #define PACKAGE_BUGREPORT "openrobots@laas.fr"
| #define PACKAGE_URL ""
| #define STDC_HEADERS 1
| #define HAVE_SYS_TYPES_H 1
| #define HAVE_SYS_STAT_H 1
| #define HAVE_STDLIB_H 1
| #define HAVE_STRING_H 1
| #define HAVE_MEMORY_H 1
| #define HAVE_STRINGS_H 1
| #define HAVE_INTTYPES_H 1
| #define HAVE_STDINT_H 1
| #define HAVE_UNISTD_H 1
| #define HAVE_DLFCN_H 1
| #define LT_OBJDIR ".libs/"
| /* end confdefs.h.  */
| #include <pthread.h>
| 	             static void routine(void* a) {a=0;}
| 	             static void* start_routine(void* a) {return a;}
| int
| main ()
| {
| pthread_t th; pthread_attr_t attr;
|                      pthread_join(th, 0);
|                      pthread_attr_init(&attr);
|                      pthread_cleanup_push(routine, 0);
|                      pthread_create(&th,0,start_routine,0);
|                      pthread_cleanup_pop(0);
|   ;
|   return 0;
| }
configure:15169: result: no
configure:15122: checking for the pthreads library -llthread
configure:15160: gcc -o conftest -g -O2    conftest.c -llthread  >&5
/usr/bin/ld: cannot find -llthread
collect2: ld returned 1 exit status
configure:15160: $? = 1
configure: failed program was:
| /* confdefs.h */
| #define PACKAGE_NAME "genom3-bip-ros"
| #define PACKAGE_TARNAME "genom3-bip-ros"
| #define PACKAGE_VERSION "1.1"
| #define PACKAGE_STRING "genom3-bip-ros 1.1"
| #define PACKAGE_BUGREPORT "openrobots@laas.fr"
| #define PACKAGE_URL ""
| #define STDC_HEADERS 1
| #define HAVE_SYS_TYPES_H 1
| #define HAVE_SYS_STAT_H 1
| #define HAVE_STDLIB_H 1
| #define HAVE_STRING_H 1
| #define HAVE_MEMORY_H 1
| #define HAVE_STRINGS_H 1
| #define HAVE_INTTYPES_H 1
| #define HAVE_STDINT_H 1
| #define HAVE_UNISTD_H 1
| #define HAVE_DLFCN_H 1
| #define LT_OBJDIR ".libs/"
| /* end confdefs.h.  */
| #include <pthread.h>
| 	             static void routine(void* a) {a=0;}
| 	             static void* start_routine(void* a) {return a;}
| int
| main ()
| {
| pthread_t th; pthread_attr_t attr;
|                      pthread_join(th, 0);
|                      pthread_attr_init(&attr);
|                      pthread_cleanup_push(routine, 0);
|                      pthread_create(&th,0,start_routine,0);
|                      pthread_cleanup_pop(0);
|   ;
|   return 0;
| }
configure:15169: result: no
configure:15072: checking whether pthreads work with -pthread
configure:15160: gcc -o conftest -g -O2 -pthread   conftest.c   >&5
configure:15160: $? = 0
configure:15169: result: yes
configure:15188: checking for joinable pthread attribute
configure:15203: gcc -o conftest -g -O2 -pthread   conftest.c   >&5
configure:15203: $? = 0
configure:15209: result: PTHREAD_CREATE_JOINABLE
configure:15219: checking if more special flags are required for pthreads
configure:15226: result: no
configure:15358: checking for boostlib >= 1.40
configure:15435: g++ -c -g -O2   conftest.cpp >&5
configure:15435: $? = 0
configure:15437: result: yes
configure:15641: checking for pkg-config
configure:15659: found /usr/bin/pkg-config
configure:15671: result: /usr/bin/pkg-config
configure:15696: checking pkg-config is at least version 0.9.0
configure:15699: result: yes
configure:15709: checking for genom3
configure:15716: $PKG_CONFIG --exists --print-errors "genom3 >= 2.99.21"
configure:15719: $? = 0
configure:15733: $PKG_CONFIG --exists --print-errors "genom3 >= 2.99.21"
configure:15736: $? = 0
configure:15794: result: yes
configure:15802: $PKG_CONFIG --exists --print-errors "genom3 >= 2.99.21"
configure:15805: $? = 0
configure:15819: $PKG_CONFIG --exists --print-errors "genom3 >= 2.99.21"
configure:15822: $? = 0
configure:15836: $PKG_CONFIG --exists --print-errors "genom3 >= 2.99.21"
configure:15839: $? = 0
configure:15853: $PKG_CONFIG --exists --print-errors "genom3 >= 2.99.21"
configure:15856: $? = 0
configure:15886: checking for python
configure:15904: found /usr/bin/python
configure:15916: result: /usr/bin/python
configure:15934: checking for ROS
configure:15941: $PKG_CONFIG --exists --print-errors "roscpp >= 1.8.15"
configure:15944: $? = 0
configure:15958: $PKG_CONFIG --exists --print-errors "roscpp >= 1.8.15"
configure:15961: $? = 0
configure:16019: result: yes
configure:16023: checking rosaction dependencies
configure:16031: result: ok
configure:16227: creating ./config.status

## ---------------------- ##
## Running config.status. ##
## ---------------------- ##

This file was extended by genom3-bip-ros config.status 1.1, which was
generated by GNU Autoconf 2.68.  Invocation command line was

  CONFIG_FILES    = 
  CONFIG_HEADERS  = 
  CONFIG_LINKS    = 
  CONFIG_COMMANDS = 
  $ ./config.status 

on nidhal-Inspiron-N5010

config.status:1096: creating genom3-bip-ros.pc
config.status:1096: creating rosaction
config.status:1096: creating Makefile
config.status:1253: executing depfiles commands
config.status:1253: executing libtool commands

## ---------------- ##
## Cache variables. ##
## ---------------- ##

ac_cv_build=x86_64-unknown-linux-gnu
ac_cv_c_compiler_gnu=yes
ac_cv_cxx_compiler_gnu=yes
ac_cv_env_CCC_set=
ac_cv_env_CCC_value=
ac_cv_env_CC_set=
ac_cv_env_CC_value=
ac_cv_env_CFLAGS_set=
ac_cv_env_CFLAGS_value=
ac_cv_env_CPPFLAGS_set=
ac_cv_env_CPPFLAGS_value=
ac_cv_env_CPP_set=
ac_cv_env_CPP_value=
ac_cv_env_CXXCPP_set=
ac_cv_env_CXXCPP_value=
ac_cv_env_CXXFLAGS_set=
ac_cv_env_CXXFLAGS_value=
ac_cv_env_CXX_set=
ac_cv_env_CXX_value=
ac_cv_env_LDFLAGS_set=
ac_cv_env_LDFLAGS_value=
ac_cv_env_LIBS_set=
ac_cv_env_LIBS_value=
ac_cv_env_PKG_CONFIG_LIBDIR_set=
ac_cv_env_PKG_CONFIG_LIBDIR_value=
ac_cv_env_PKG_CONFIG_PATH_set=set
ac_cv_env_PKG_CONFIG_PATH_value=/home/nidhal/openrobots/lib/pkgconfig
ac_cv_env_PKG_CONFIG_set=
ac_cv_env_PKG_CONFIG_value=
ac_cv_env_PYTHON_set=
ac_cv_env_PYTHON_value=
ac_cv_env_ROS_CFLAGS_set=
ac_cv_env_ROS_CFLAGS_value=
ac_cv_env_ROS_LIBS_set=
ac_cv_env_ROS_LIBS_value=
ac_cv_env_build_alias_set=
ac_cv_env_build_alias_value=
ac_cv_env_genom3_CFLAGS_set=
ac_cv_env_genom3_CFLAGS_value=
ac_cv_env_genom3_LIBS_set=
ac_cv_env_genom3_LIBS_value=
ac_cv_env_host_alias_set=
ac_cv_env_host_alias_value=
ac_cv_env_target_alias_set=
ac_cv_env_target_alias_value=
ac_cv_header_dlfcn_h=yes
ac_cv_header_inttypes_h=yes
ac_cv_header_memory_h=yes
ac_cv_header_stdc=yes
ac_cv_header_stdint_h=yes
ac_cv_header_stdlib_h=yes
ac_cv_header_string_h=yes
ac_cv_header_strings_h=yes
ac_cv_header_sys_stat_h=yes
ac_cv_header_sys_types_h=yes
ac_cv_header_unistd_h=yes
ac_cv_host=x86_64-unknown-linux-gnu
ac_cv_objext=o
ac_cv_path_EGREP='/bin/grep -E'
ac_cv_path_FGREP='/bin/grep -F'
ac_cv_path_GREP=/bin/grep
ac_cv_path_PYTHON=/usr/bin/python
ac_cv_path_SED=/bin/sed
ac_cv_path_ac_pt_PKG_CONFIG=/usr/bin/pkg-config
ac_cv_path_install='/usr/bin/install -c'
ac_cv_path_mkdir=/bin/mkdir
ac_cv_prog_AWK=mawk
ac_cv_prog_CPP='gcc -E'
ac_cv_prog_CXXCPP='g++ -E'
ac_cv_prog_ac_ct_AR=ar
ac_cv_prog_ac_ct_CC=gcc
ac_cv_prog_ac_ct_CXX=g++
ac_cv_prog_ac_ct_MANIFEST_TOOL=mt
ac_cv_prog_ac_ct_OBJDUMP=objdump
ac_cv_prog_ac_ct_RANLIB=ranlib
ac_cv_prog_ac_ct_STRIP=strip
ac_cv_prog_cc_c89=
ac_cv_prog_cc_g=yes
ac_cv_prog_cxx_g=yes
ac_cv_prog_make_make_set=yes
am_cv_CC_dependencies_compiler_type=none
am_cv_CXX_dependencies_compiler_type=none
lt_cv_ar_at_file=@
lt_cv_archive_cmds_need_lc=no
lt_cv_deplibs_check_method=pass_all
lt_cv_ld_reload_flag=-r
lt_cv_nm_interface='BSD nm'
lt_cv_objdir=.libs
lt_cv_path_LD=/usr/bin/ld
lt_cv_path_LDCXX='/usr/bin/ld -m elf_x86_64'
lt_cv_path_NM='/usr/bin/nm -B'
lt_cv_path_mainfest_tool=no
lt_cv_prog_compiler_c_o=yes
lt_cv_prog_compiler_c_o_CXX=yes
lt_cv_prog_compiler_pic='-fPIC -DPIC'
lt_cv_prog_compiler_pic_CXX='-fPIC -DPIC'
lt_cv_prog_compiler_pic_works=yes
lt_cv_prog_compiler_pic_works_CXX=yes
lt_cv_prog_compiler_rtti_exceptions=no
lt_cv_prog_compiler_static_works=yes
lt_cv_prog_compiler_static_works_CXX=yes
lt_cv_prog_gnu_ld=yes
lt_cv_prog_gnu_ldcxx=yes
lt_cv_sharedlib_from_linklib_cmd='printf %s\n'
lt_cv_shlibpath_overrides_runpath=no
lt_cv_sys_global_symbol_pipe='sed -n -e '\''s/^.*[	 ]\([ABCDGIRSTW][ABCDGIRSTW]*\)[	 ][	 ]*\([_A-Za-z][_A-Za-z0-9]*\)$/\1 \2 \2/p'\'' | sed '\''/ __gnu_lto/d'\'''
lt_cv_sys_global_symbol_to_c_name_address='sed -n -e '\''s/^: \([^ ]*\)[ ]*$/  {\"\1\", (void *) 0},/p'\'' -e '\''s/^[ABCDGIRSTW]* \([^ ]*\) \([^ ]*\)$/  {"\2", (void *) \&\2},/p'\'''
lt_cv_sys_global_symbol_to_c_name_address_lib_prefix='sed -n -e '\''s/^: \([^ ]*\)[ ]*$/  {\"\1\", (void *) 0},/p'\'' -e '\''s/^[ABCDGIRSTW]* \([^ ]*\) \(lib[^ ]*\)$/  {"\2", (void *) \&\2},/p'\'' -e '\''s/^[ABCDGIRSTW]* \([^ ]*\) \([^ ]*\)$/  {"lib\2", (void *) \&\2},/p'\'''
lt_cv_sys_global_symbol_to_cdecl='sed -n -e '\''s/^T .* \(.*\)$/extern int \1();/p'\'' -e '\''s/^[ABCDGIRSTW]* .* \(.*\)$/extern char \1;/p'\'''
lt_cv_sys_max_cmd_len=1572864
lt_cv_to_host_file_cmd=func_convert_file_noop
lt_cv_to_tool_file_cmd=func_convert_file_noop
pkg_cv_ROS_CFLAGS='-I/home/nidhal/openrobots/include  '
pkg_cv_ROS_LIBS='-Wl,-rpath,/home/nidhal/openrobots/lib -L/home/nidhal/openrobots/lib -lroscpp -lpthread -l:/usr/lib/x86_64-linux-gnu/libboost_signals.so -l:/usr/lib/x86_64-linux-gnu/libboost_filesystem.so -lrosconsole -l:/usr/lib/x86_64-linux-gnu/libboost_regex.so -l:/usr/lib/liblog4cxx.so -lxmlrpcpp -lroscpp_serialization -lrostime -l:/usr/lib/x86_64-linux-gnu/libboost_date_time.so -l:/usr/lib/x86_64-linux-gnu/libboost_system.so -l:/usr/lib/x86_64-linux-gnu/libboost_thread.so -l:/usr/lib/x86_64-linux-gnu/libpthread.so -lcpp_common  '
pkg_cv_genom3=/home/nidhal/openrobots/bin/genom3
pkg_cv_genom3_CFLAGS='-I/home/nidhal/openrobots/include  '
pkg_cv_genom3_LIBS=' '
pkg_cv_genom3prefix=/home/nidhal/openrobots
pkg_cv_genom3sitedir=/home/nidhal/openrobots/share/genom/site-templates
pkg_cv_genom3tmpldir=/home/nidhal/openrobots/share/genom/templates

## ----------------- ##
## Output variables. ##
## ----------------- ##

ACLOCAL='${SHELL} /home/nidhal/work/genom3-bip/autoconf/missing --run aclocal-1.11'
AMDEPBACKSLASH='\'
AMDEP_FALSE='#'
AMDEP_TRUE=''
AMTAR='$${TAR-tar}'
AR='ar'
AUTOCONF='${SHELL} /home/nidhal/work/genom3-bip/autoconf/missing --run autoconf'
AUTOHEADER='${SHELL} /home/nidhal/work/genom3-bip/autoconf/missing --run autoheader'
AUTOMAKE='${SHELL} /home/nidhal/work/genom3-bip/autoconf/missing --run automake-1.11'
AWK='mawk'
BOOST_CPPFLAGS=''
BOOST_LDFLAGS='-L/usr/lib64'
CC='gcc'
CCDEPMODE='depmode=none'
CFLAGS='-g -O2'
CPP='gcc -E'
CPPFLAGS=''
CXX='g++'
CXXCPP='g++ -E'
CXXDEPMODE='depmode=none'
CXXFLAGS='-g -O2'
CYGPATH_W='echo'
DEFS='-DPACKAGE_NAME=\"genom3-bip-ros\" -DPACKAGE_TARNAME=\"genom3-bip-ros\" -DPACKAGE_VERSION=\"1.1\" -DPACKAGE_STRING=\"genom3-bip-ros\ 1.1\" -DPACKAGE_BUGREPORT=\"openrobots@laas.fr\" -DPACKAGE_URL=\"\" -DSTDC_HEADERS=1 -DHAVE_SYS_TYPES_H=1 -DHAVE_SYS_STAT_H=1 -DHAVE_STDLIB_H=1 -DHAVE_STRING_H=1 -DHAVE_MEMORY_H=1 -DHAVE_STRINGS_H=1 -DHAVE_INTTYPES_H=1 -DHAVE_STDINT_H=1 -DHAVE_UNISTD_H=1 -DHAVE_DLFCN_H=1 -DLT_OBJDIR=\".libs/\" -DHAVE_PTHREAD=1 -DHAVE_BOOST=/\*\*/'
DEPDIR='.deps'
DLLTOOL='false'
DSYMUTIL=''
DUMPBIN=''
ECHO_C=''
ECHO_N='-n'
ECHO_T=''
EGREP='/bin/grep -E'
EXEEXT=''
FGREP='/bin/grep -F'
GREP='/bin/grep'
INSTALL_DATA='${INSTALL} -m 644'
INSTALL_PROGRAM='${INSTALL}'
INSTALL_SCRIPT='${INSTALL}'
INSTALL_STRIP_PROGRAM='$(install_sh) -c -s'
LD='/usr/bin/ld -m elf_x86_64'
LDFLAGS=''
LIBOBJS=''
LIBS=''
LIBTOOL='$(SHELL) $(top_builddir)/libtool'
LIPO=''
LN_S='ln -s'
LTLIBOBJS=''
MAKEINFO='${SHELL} /home/nidhal/work/genom3-bip/autoconf/missing --run makeinfo'
MANIFEST_TOOL=':'
MKDIR_P='/bin/mkdir -p'
NM='/usr/bin/nm -B'
NMEDIT=''
OBJDUMP='objdump'
OBJEXT='o'
OTOOL64=''
OTOOL=''
PACKAGE='genom3-bip-ros'
PACKAGE_BUGREPORT='openrobots@laas.fr'
PACKAGE_NAME='genom3-bip-ros'
PACKAGE_STRING='genom3-bip-ros 1.1'
PACKAGE_TARNAME='genom3-bip-ros'
PACKAGE_URL=''
PACKAGE_VERSION='1.1'
PATH_SEPARATOR=':'
PKG_CONFIG='/usr/bin/pkg-config'
PKG_CONFIG_LIBDIR=''
PKG_CONFIG_PATH='/home/nidhal/openrobots/lib/pkgconfig'
PTHREAD_CC='gcc'
PTHREAD_CFLAGS='-pthread'
PTHREAD_LIBS=''
PYTHON='/usr/bin/python'
RANLIB='ranlib'
ROS_CFLAGS='-I/home/nidhal/openrobots/include  '
ROS_LIBS='-Wl,-rpath,/home/nidhal/openrobots/lib -L/home/nidhal/openrobots/lib -lroscpp -lpthread -l:/usr/lib/x86_64-linux-gnu/libboost_signals.so -l:/usr/lib/x86_64-linux-gnu/libboost_filesystem.so -lrosconsole -l:/usr/lib/x86_64-linux-gnu/libboost_regex.so -l:/usr/lib/liblog4cxx.so -lxmlrpcpp -lroscpp_serialization -lrostime -l:/usr/lib/x86_64-linux-gnu/libboost_date_time.so -l:/usr/lib/x86_64-linux-gnu/libboost_system.so -l:/usr/lib/x86_64-linux-gnu/libboost_thread.so -l:/usr/lib/x86_64-linux-gnu/libpthread.so -lcpp_common   -R/home/nidhal/openrobots/lib -R/usr/lib/x86_64-linux-gnu -R/usr/lib'
SED='/bin/sed'
SET_MAKE=''
SHELL='/bin/bash'
STRIP='strip'
VERSION='1.1'
ac_ct_AR='ar'
ac_ct_CC='gcc'
ac_ct_CXX='g++'
ac_ct_DUMPBIN=''
am__EXEEXT_FALSE=''
am__EXEEXT_TRUE='#'
am__fastdepCC_FALSE=''
am__fastdepCC_TRUE='#'
am__fastdepCXX_FALSE=''
am__fastdepCXX_TRUE='#'
am__include='include'
am__isrc=' -I$(srcdir)'
am__leading_dot='.'
am__nodep='_no'
am__quote=''
am__tar='$${TAR-tar} chof - "$$tardir"'
am__untar='$${TAR-tar} xf -'
ax_pthread_config=''
bindir='${exec_prefix}/bin'
build='x86_64-unknown-linux-gnu'
build_alias=''
build_cpu='x86_64'
build_os='linux-gnu'
build_vendor='unknown'
datadir='${datarootdir}'
datarootdir='${prefix}/share'
docdir='${datarootdir}/doc/${PACKAGE_TARNAME}'
dvidir='${docdir}'
exec_prefix='${prefix}'
genom3='/home/nidhal/openrobots/bin/genom3'
genom3_CFLAGS='-I/home/nidhal/openrobots/include  '
genom3_LIBS=' '
genom3sitedir='share/genom/site-templates'
genom3tmpldir='/home/nidhal/openrobots/share/genom/templates'
host='x86_64-unknown-linux-gnu'
host_alias=''
host_cpu='x86_64'
host_os='linux-gnu'
host_vendor='unknown'
htmldir='${docdir}'
includedir='${prefix}/include'
infodir='${datarootdir}/info'
install_sh='${SHELL} /home/nidhal/work/genom3-bip/autoconf/install-sh'
libdir='${exec_prefix}/lib'
libexecdir='${exec_prefix}/libexec'
localedir='${datarootdir}/locale'
localstatedir='${prefix}/var'
mandir='${datarootdir}/man'
mkdir_p='/bin/mkdir -p'
oldincludedir='/usr/include'
pdfdir='${docdir}'
prefix='/home/nidhal/openrobots'
program_transform_name='s,x,x,'
psdir='${docdir}'
sbindir='${exec_prefix}/sbin'
sharedstatedir='${prefix}/com'
sysconfdir='${prefix}/etc'
target_alias=''

## ----------- ##
## confdefs.h. ##
## ----------- ##

/* confdefs.h */
#define PACKAGE_NAME "genom3-bip-ros"
#define PACKAGE_TARNAME "genom3-bip-ros"
#define PACKAGE_VERSION "1.1"
#define PACKAGE_STRING "genom3-bip-ros 1.1"
#define PACKAGE_BUGREPORT "openrobots@laas.fr"
#define PACKAGE_URL ""
#define STDC_HEADERS 1
#define HAVE_SYS_TYPES_H 1
#define HAVE_SYS_STAT_H 1
#define HAVE_STDLIB_H 1
#define HAVE_STRING_H 1
#define HAVE_MEMORY_H 1
#define HAVE_STRINGS_H 1
#define HAVE_INTTYPES_H 1
#define HAVE_STDINT_H 1
#define HAVE_UNISTD_H 1
#define HAVE_DLFCN_H 1
#define LT_OBJDIR ".libs/"
#define HAVE_PTHREAD 1
#define HAVE_BOOST /**/

configure: exit 0
